# JRE version: Java(TM) SE Runtime Environment (17.0.12+8) (build 17.0.12+8-LTS-286)
# Java VM: Java HotSpot(TM) 64-Bit Server VM (17.0.12+8-LTS-286, mixed mode, sharing, tiered, compressed oops, compressed class ptrs, g1 gc, windows-amd64)
GC Precious Log:
 CPUs: 8 total, 8 available
 Memory: 7952M
 Large Page Support: Disabled
 NUMA Support: Disabled
 Compressed Oops: Enabled (32-bit)
 Heap Region Size: 1M
 Heap Min Capacity: 8M
 Heap Initial Capacity: 126M
 Heap Max Capacity: 1990M
 Pre-touch: Disabled
 Parallel Workers: 8
 Concurrent Workers: 2
 Concurrent Refinement Workers: 8
 Periodic GC: Disabled
Heap:
 garbage-first heap   total 157696K, used 90008K [0x0000000083a00000, 0x0000000100000000)
  region size 1024K, 17 young (17408K), 6 survivors (6144K)
 Metaspace       used 47703K, committed 48000K, reserved 1114112K
  class space    used 5461K, committed 5632K, reserved 1048576K
GC Heap History (20 events):
Event: 13.717 GC heap before
{Heap before GC invocations=6 (full 0):
 garbage-first heap   total 61440K, used 37784K [0x0000000083a00000, 0x0000000100000000)
  region size 1024K, 21 young (21504K), 4 survivors (4096K)
 Metaspace       used 35868K, committed 36096K, reserved 1114112K
  class space    used 4410K, committed 4544K, reserved 1048576K
}
Event: 13.727 GC heap after
{Heap after GC invocations=7 (full 0):
 garbage-first heap   total 61440K, used 24436K [0x0000000083a00000, 0x0000000100000000)
  region size 1024K, 2 young (2048K), 2 survivors (2048K)
 Metaspace       used 35868K, committed 36096K, reserved 1114112K
  class space    used 4410K, committed 4544K, reserved 1048576K
}
Event: 14.312 GC heap before
{Heap before GC invocations=8 (full 0):
 garbage-first heap   total 61440K, used 45940K [0x0000000083a00000, 0x0000000100000000)
  region size 1024K, 23 young (23552K), 2 survivors (2048K)
 Metaspace       used 38521K, committed 38784K, reserved 1114112K
  class space    used 4682K, committed 4800K, reserved 1048576K
}
Event: 14.324 GC heap after
{Heap after GC invocations=9 (full 0):
 garbage-first heap   total 61440K, used 29284K [0x0000000083a00000, 0x0000000100000000)
  region size 1024K, 3 young (3072K), 3 survivors (3072K)
 Metaspace       used 38521K, committed 38784K, reserved 1114112K
  class space    used 4682K, committed 4800K, reserved 1048576K
}
Event: 14.609 GC heap before
{Heap before GC invocations=9 (full 0):
 garbage-first heap   total 61440K, used 46692K [0x0000000083a00000, 0x0000000100000000)
  region size 1024K, 20 young (20480K), 3 survivors (3072K)
 Metaspace       used 39617K, committed 39872K, reserved 1114112K
  class space    used 4772K, committed 4928K, reserved 1048576K
}
Event: 14.629 GC heap after
{Heap after GC invocations=10 (full 0):
 garbage-first heap   total 61440K, used 33305K [0x0000000083a00000, 0x0000000100000000)
  region size 1024K, 3 young (3072K), 3 survivors (3072K)
 Metaspace       used 39617K, committed 39872K, reserved 1114112K
  class space    used 4772K, committed 4928K, reserved 1048576K
}
Event: 14.733 GC heap before
{Heap before GC invocations=10 (full 0):
 garbage-first heap   total 61440K, used 45593K [0x0000000083a00000, 0x0000000100000000)
  region size 1024K, 16 young (16384K), 3 survivors (3072K)
 Metaspace       used 39750K, committed 40000K, reserved 1114112K
  class space    used 4774K, committed 4928K, reserved 1048576K
}
Event: 14.742 GC heap after
{Heap after GC invocations=11 (full 0):
 garbage-first heap   total 61440K, used 38547K [0x0000000083a00000, 0x0000000100000000)
  region size 1024K, 2 young (2048K), 2 survivors (2048K)
 Metaspace       used 39750K, committed 40000K, reserved 1114112K
  class space    used 4774K, committed 4928K, reserved 1048576K
}
Event: 14.814 GC heap before
{Heap before GC invocations=12 (full 0):
 garbage-first heap   total 68608K, used 48787K [0x0000000083a00000, 0x0000000100000000)
  region size 1024K, 11 young (11264K), 2 survivors (2048K)
 Metaspace       used 39809K, committed 40128K, reserved 1114112K
  class space    used 4776K, committed 4928K, reserved 1048576K
}
Event: 14.821 GC heap after
{Heap after GC invocations=13 (full 0):
 garbage-first heap   total 68608K, used 43416K [0x0000000083a00000, 0x0000000100000000)
  region size 1024K, 2 young (2048K), 2 survivors (2048K)
 Metaspace       used 39809K, committed 40128K, reserved 1114112K
  class space    used 4776K, committed 4928K, reserved 1048576K
}
Event: 14.853 GC heap before
{Heap before GC invocations=13 (full 0):
 garbage-first heap   total 68608K, used 52632K [0x0000000083a00000, 0x0000000100000000)
  region size 1024K, 11 young (11264K), 2 survivors (2048K)
 Metaspace       used 39810K, committed 40128K, reserved 1114112K
  class space    used 4776K, committed 4928K, reserved 1048576K
}
Event: 14.861 GC heap after
{Heap after GC invocations=14 (full 0):
 garbage-first heap   total 157696K, used 47000K [0x0000000083a00000, 0x0000000100000000)
  region size 1024K, 2 young (2048K), 2 survivors (2048K)
 Metaspace       used 39810K, committed 40128K, reserved 1114112K
  class space    used 4776K, committed 4928K, reserved 1048576K
}
Event: 21.013 GC heap before
{Heap before GC invocations=15 (full 0):
 garbage-first heap   total 157696K, used 99224K [0x0000000083a00000, 0x0000000100000000)
  region size 1024K, 53 young (54272K), 2 survivors (2048K)
 Metaspace       used 44114K, committed 44416K, reserved 1114112K
  class space    used 5283K, committed 5440K, reserved 1048576K
}
Event: 21.046 GC heap after
{Heap after GC invocations=16 (full 0):
 garbage-first heap   total 157696K, used 57515K [0x0000000083a00000, 0x0000000100000000)
  region size 1024K, 7 young (7168K), 7 survivors (7168K)
 Metaspace       used 44114K, committed 44416K, reserved 1114112K
  class space    used 5283K, committed 5440K, reserved 1048576K
}
Event: 22.187 GC heap before
{Heap before GC invocations=16 (full 0):
 garbage-first heap   total 157696K, used 105643K [0x0000000083a00000, 0x0000000100000000)
  region size 1024K, 55 young (56320K), 7 survivors (7168K)
 Metaspace       used 45774K, committed 46144K, reserved 1114112K
  class space    used 5394K, committed 5568K, reserved 1048576K
}
Event: 22.213 GC heap after
{Heap after GC invocations=17 (full 0):
 garbage-first heap   total 157696K, used 66033K [0x0000000083a00000, 0x0000000100000000)
  region size 1024K, 7 young (7168K), 7 survivors (7168K)
 Metaspace       used 45774K, committed 46144K, reserved 1114112K
  class space    used 5394K, committed 5568K, reserved 1048576K
}
Event: 23.135 GC heap before
{Heap before GC invocations=17 (full 0):
 garbage-first heap   total 157696K, used 112113K [0x0000000083a00000, 0x0000000100000000)
  region size 1024K, 52 young (53248K), 7 survivors (7168K)
 Metaspace       used 47021K, committed 47296K, reserved 1114112K
  class space    used 5429K, committed 5568K, reserved 1048576K
}
Event: 23.153 GC heap after
{Heap after GC invocations=18 (full 0):
 garbage-first heap   total 157696K, used 73512K [0x0000000083a00000, 0x0000000100000000)
  region size 1024K, 7 young (7168K), 7 survivors (7168K)
 Metaspace       used 47021K, committed 47296K, reserved 1114112K
  class space    used 5429K, committed 5568K, reserved 1048576K
}
Event: 23.934 GC heap before
{Heap before GC invocations=18 (full 0):
 garbage-first heap   total 157696K, used 116520K [0x0000000083a00000, 0x0000000100000000)
  region size 1024K, 49 young (50176K), 7 survivors (7168K)
 Metaspace       used 47577K, committed 47872K, reserved 1114112K
  class space    used 5461K, committed 5632K, reserved 1048576K
}
Event: 23.955 GC heap after
{Heap after GC invocations=19 (full 0):
 garbage-first heap   total 157696K, used 79768K [0x0000000083a00000, 0x0000000100000000)
  region size 1024K, 6 young (6144K), 6 survivors (6144K)
 Metaspace       used 47577K, committed 47872K, reserved 1114112K
  class space    used 5461K, committed 5632K, reserved 1048576K
}

